-------------------------------------------------------------------------------
Test set: com.store.RunCucumberIT
-------------------------------------------------------------------------------
Tests run: 3, Failures: 3, Errors: 0, Skipped: 0, Time elapsed: 64.454 sec <<< FAILURE! - in com.store.RunCucumberIT
User can add women blouse(User can add multiple items to cart)  Time elapsed: 30.51 sec  <<< FAILURE!
org.opentest4j.AssertionFailedError: the user is not in homepage ==> expected: <Blouses - My Store> but was: <My Store>
	at org.junit.jupiter.api.AssertionUtils.fail(AssertionUtils.java:55)
	at org.junit.jupiter.api.AssertionUtils.failNotEqual(AssertionUtils.java:62)
	at org.junit.jupiter.api.AssertEquals.assertEquals(AssertEquals.java:182)
	at org.junit.jupiter.api.Assertions.assertEquals(Assertions.java:1135)
	at com.store.stepDefinitions.StoreStepDefinitions.lambda$new$6(StoreStepDefinitions.java:57)
	at ✽.the user is returned to the homepage(file:///C:/Users/Ahernandez/Documents/projectsAli/ui-framework-test/src/test/resources/features/add_to_cart_items.feature:12)

user can add women evening dress(User can add multiple items to cart)  Time elapsed: 19.63 sec  <<< FAILURE!
org.opentest4j.AssertionFailedError: the user is not in homepage ==> expected: <Evening Dresses - My Store> but was: <My Store>
	at org.junit.jupiter.api.AssertionUtils.fail(AssertionUtils.java:55)
	at org.junit.jupiter.api.AssertionUtils.failNotEqual(AssertionUtils.java:62)
	at org.junit.jupiter.api.AssertEquals.assertEquals(AssertEquals.java:182)
	at org.junit.jupiter.api.Assertions.assertEquals(Assertions.java:1135)
	at com.store.stepDefinitions.StoreStepDefinitions.lambda$new$6(StoreStepDefinitions.java:57)
	at ✽.the user is returned to the homepage(file:///C:/Users/Ahernandez/Documents/projectsAli/ui-framework-test/src/test/resources/features/add_to_cart_items.feature:22)

user verifies shopping cart has 2 items in cart(User can add multiple items to cart)  Time elapsed: 9.524 sec  <<< FAILURE!
org.opentest4j.AssertionFailedError: the cart doesn't have 2 products ==> expected: <-1> but was: <2>
	at org.junit.jupiter.api.AssertionUtils.fail(AssertionUtils.java:55)
	at org.junit.jupiter.api.AssertionUtils.failNotEqual(AssertionUtils.java:62)
	at org.junit.jupiter.api.AssertEquals.assertEquals(AssertEquals.java:150)
	at org.junit.jupiter.api.Assertions.assertEquals(Assertions.java:542)
	at com.store.stepDefinitions.StoreStepDefinitions.lambda$new$12(StoreStepDefinitions.java:76)
	at ✽.the cart has 2 products(file:///C:/Users/Ahernandez/Documents/projectsAli/ui-framework-test/src/test/resources/features/add_to_cart_items.feature:28)

