<?xml version="1.0" encoding="UTF-8"?>
<testsuite name="com.store.RunCucumberIT" time="59.664" tests="3" errors="0" skipped="0" failures="3">
  <properties>
[...]
</properties>
  <testcase name="User can add women blouse" classname="User can add multiple items to cart" time="30.51">
    <failure message="the user is not in homepage ==&gt; expected: &lt;Blouses - My Store&gt; but was: &lt;My Store&gt;" type="org.opentest4j.AssertionFailedError"><![CDATA[org.opentest4j.AssertionFailedError: the user is not in homepage ==> expected: <Blouses - My Store> but was: <My Store>
	at org.junit.jupiter.api.AssertionUtils.fail(AssertionUtils.java:55)
	at org.junit.jupiter.api.AssertionUtils.failNotEqual(AssertionUtils.java:62)
	at org.junit.jupiter.api.AssertEquals.assertEquals(AssertEquals.java:182)
	at org.junit.jupiter.api.Assertions.assertEquals(Assertions.java:1135)
	at com.store.stepDefinitions.StoreStepDefinitions.lambda$new$6(StoreStepDefinitions.java:57)
	at ✽.the user is returned to the homepage(file:///C:/Users/Ahernandez/Documents/projectsAli/ui-framework-test/src/test/resources/features/add_to_cart_items.feature:12)
]]></failure>
    <system-out><![CDATA[13:09:38.199 [main] DEBUG org.springframework.test.context.BootstrapUtils - Instantiating CacheAwareContextLoaderDelegate from class [org.springframework.test.context.cache.DefaultCacheAwareContextLoaderDelegate]
13:09:38.236 [main] DEBUG org.springframework.test.context.BootstrapUtils - Instantiating BootstrapContext using constructor [public org.springframework.test.context.support.DefaultBootstrapContext(java.lang.Class,org.springframework.test.context.CacheAwareContextLoaderDelegate)]
13:09:38.319 [main] DEBUG org.springframework.test.context.BootstrapUtils - Instantiating TestContextBootstrapper for test class [com.store.CucumberSpringContextConfiguration] from class [org.springframework.test.context.support.DefaultTestContextBootstrapper]
13:09:38.373 [main] DEBUG org.springframework.test.context.support.DefaultTestContextBootstrapper - Found explicit ContextLoader class [org.springframework.boot.test.context.SpringBootContextLoader] for context configuration attributes [ContextConfigurationAttributes@e15b7e8 declaringClass = 'com.store.CucumberSpringContextConfiguration', classes = '{class com.store.conf.TestConfig, class com.store.StartApplication}', locations = '{}', inheritLocations = true, initializers = '{}', inheritInitializers = true, name = [null], contextLoaderClass = 'org.springframework.boot.test.context.SpringBootContextLoader']
13:09:38.394 [main] DEBUG org.springframework.test.context.support.AbstractContextLoader - Did not detect default resource location for test class [com.store.CucumberSpringContextConfiguration]: class path resource [com/store/CucumberSpringContextConfiguration-context.xml] does not exist
13:09:38.395 [main] DEBUG org.springframework.test.context.support.AbstractContextLoader - Did not detect default resource location for test class [com.store.CucumberSpringContextConfiguration]: class path resource [com/store/CucumberSpringContextConfigurationContext.groovy] does not exist
13:09:38.395 [main] INFO org.springframework.test.context.support.AbstractContextLoader - Could not detect default resource locations for test class [com.store.CucumberSpringContextConfiguration]: no resource found for suffixes {-context.xml, Context.groovy}.
13:09:38.521 [main] DEBUG org.springframework.test.context.support.ActiveProfilesUtils - Could not find an 'annotation declaring class' for annotation type [org.springframework.test.context.ActiveProfiles] and class [com.store.CucumberSpringContextConfiguration]
13:09:38.522 [main] DEBUG org.springframework.test.context.support.DefaultTestContextBootstrapper - @TestExecutionListeners is not present for class [com.store.CucumberSpringContextConfiguration]: using defaults.
13:09:38.524 [main] INFO org.springframework.test.context.support.DefaultTestContextBootstrapper - Loaded default TestExecutionListener class names from location [META-INF/spring.factories]: [org.springframework.boot.test.mock.mockito.MockitoTestExecutionListener, org.springframework.boot.test.mock.mockito.ResetMocksTestExecutionListener, org.springframework.boot.test.autoconfigure.restdocs.RestDocsTestExecutionListener, org.springframework.boot.test.autoconfigure.web.client.MockRestServiceServerResetTestExecutionListener, org.springframework.boot.test.autoconfigure.web.servlet.MockMvcPrintOnlyOnFailureTestExecutionListener, org.springframework.boot.test.autoconfigure.web.servlet.WebDriverTestExecutionListener, org.springframework.boot.test.autoconfigure.webservices.client.MockWebServiceServerTestExecutionListener, org.springframework.test.context.web.ServletTestExecutionListener, org.springframework.test.context.support.DirtiesContextBeforeModesTestExecutionListener, org.springframework.test.context.support.DependencyInjectionTestExecutionListener, org.springframework.test.context.support.DirtiesContextTestExecutionListener, org.springframework.test.context.transaction.TransactionalTestExecutionListener, org.springframework.test.context.jdbc.SqlScriptsTestExecutionListener, org.springframework.test.context.event.EventPublishingTestExecutionListener]
13:09:38.561 [main] DEBUG org.springframework.test.context.support.DefaultTestContextBootstrapper - Skipping candidate TestExecutionListener [org.springframework.test.context.web.ServletTestExecutionListener] due to a missing dependency. Specify custom listener classes or make the default listener classes and their required dependencies available. Offending class: [javax/servlet/ServletContext]
13:09:38.565 [main] DEBUG org.springframework.test.context.support.DefaultTestContextBootstrapper - Skipping candidate TestExecutionListener [org.springframework.test.context.transaction.TransactionalTestExecutionListener] due to a missing dependency. Specify custom listener classes or make the default listener classes and their required dependencies available. Offending class: [org/springframework/transaction/interceptor/TransactionAttributeSource]
13:09:38.568 [main] DEBUG org.springframework.test.context.support.DefaultTestContextBootstrapper - Skipping candidate TestExecutionListener [org.springframework.test.context.jdbc.SqlScriptsTestExecutionListener] due to a missing dependency. Specify custom listener classes or make the default listener classes and their required dependencies available. Offending class: [org/springframework/transaction/interceptor/TransactionAttribute]
13:09:38.569 [main] INFO org.springframework.test.context.support.DefaultTestContextBootstrapper - Using TestExecutionListeners: [org.springframework.test.context.support.DirtiesContextBeforeModesTestExecutionListener@7e057f43, org.springframework.boot.test.mock.mockito.MockitoTestExecutionListener@6c284af, org.springframework.test.context.support.DependencyInjectionTestExecutionListener@5890e879, org.springframework.test.context.support.DirtiesContextTestExecutionListener@6440112d, org.springframework.test.context.event.EventPublishingTestExecutionListener@31ea9581, org.springframework.boot.test.mock.mockito.ResetMocksTestExecutionListener@231f98ef, org.springframework.boot.test.autoconfigure.restdocs.RestDocsTestExecutionListener@7c137fd5, org.springframework.boot.test.autoconfigure.web.client.MockRestServiceServerResetTestExecutionListener@183ec003, org.springframework.boot.test.autoconfigure.web.servlet.MockMvcPrintOnlyOnFailureTestExecutionListener@7d9d0818, org.springframework.boot.test.autoconfigure.web.servlet.WebDriverTestExecutionListener@221a3fa4, org.springframework.boot.test.autoconfigure.webservices.client.MockWebServiceServerTestExecutionListener@451001e5]
13:09:38.712 [main] DEBUG org.springframework.test.context.support.TestPropertySourceUtils - Adding inlined properties to environment: {spring.jmx.enabled=false}

  .   ____          _            __ _ _
 /\\ / ___'_ __ _ _(_)_ __  __ _ \ \ \ \
( ( )\___ | '_ | '_| | '_ \/ _` | \ \ \ \
 \\/  ___)| |_)| | | | | || (_| |  ) ) ) )
  '  |____| .__|_| |_|_| |_\__, | / / / /
 =========|_|==============|___/=/_/_/_/
 :: Spring Boot ::        (v2.3.0.RELEASE)

2020-05-25 13:09:39.896  INFO 28340 --- [           main] c.s.CucumberSpringContextConfiguration   : Starting CucumberSpringContextConfiguration on C20168 with PID 28340 (started by Ahernandez in C:\Users\Ahernandez\Documents\projectsAli\ui-framework-test)
2020-05-25 13:09:39.899  INFO 28340 --- [           main] c.s.CucumberSpringContextConfiguration   : No active profile set, falling back to default profiles: default
2020-05-25 13:09:42.293  INFO 28340 --- [           main] c.s.CucumberSpringContextConfiguration   : Started CucumberSpringContextConfiguration in 3.57 seconds (JVM running for 8.459)
2020-05-25 13:09:45.649  INFO 28340 --- [           main] i.g.bonigarcia.wdm.WebDriverManager      : Using chromedriver 83.0.4103.39 (since Google Chrome 83 is installed in your machine)
2020-05-25 13:09:45.685  INFO 28340 --- [           main] i.g.bonigarcia.wdm.WebDriverManager      : Exporting webdriver.chrome.driver as C:\Users\Ahernandez\.m2\repository\webdriver\chromedriver\win32\83.0.4103.39\chromedriver.exe
2020-05-25 13:09:55.134  INFO 28340 --- [ null to remote] o.o.selenium.remote.ProtocolHandshake    : Detected dialect: W3C

Scenario: User can add women blouse         &amp#27;[90m# src/test/resources/features/add_to_cart_items.feature:5&amp#27;[0m
Context started!
  &amp#27;[32mGiven &amp#27;[0m&amp#27;[32mthe user is on Homepage&amp#27;[0m             &amp#27;[90m# com.store.stepDefinitions.StoreStepDefinitions.<init>(StoreStepDefinitions.java:38)&amp#27;[0m
  &amp#27;[32mAnd &amp#27;[0m&amp#27;[32mthe user clicks Women&amp#27;[0m                 &amp#27;[90m# com.store.stepDefinitions.StoreStepDefinitions.<init>(StoreStepDefinitions.java:41)&amp#27;[0m
  &amp#27;[32mAnd &amp#27;[0m&amp#27;[32muser clicks Tops&amp#27;[0m                      &amp#27;[90m# com.store.stepDefinitions.StoreStepDefinitions.<init>(StoreStepDefinitions.java:44)&amp#27;[0m
  &amp#27;[32mAnd &amp#27;[0m&amp#27;[32mUser Clicks blouses&amp#27;[0m                   &amp#27;[90m# com.store.stepDefinitions.StoreStepDefinitions.<init>(StoreStepDefinitions.java:47)&amp#27;[0m
  &amp#27;[32mAnd &amp#27;[0m&amp#27;[32muser clicks on add to cart&amp#27;[0m            &amp#27;[90m# com.store.stepDefinitions.StoreStepDefinitions.<init>(StoreStepDefinitions.java:50)&amp#27;[0m
  &amp#27;[32mWhen &amp#27;[0m&amp#27;[32mthe user clicks on continue shopping&amp#27;[0m &amp#27;[90m# com.store.stepDefinitions.StoreStepDefinitions.<init>(StoreStepDefinitions.java:53)&amp#27;[0m
  &amp#27;[31mThen &amp#27;[0m&amp#27;[31mthe user is returned to the homepage&amp#27;[0m &amp#27;[90m# com.store.stepDefinitions.StoreStepDefinitions.<init>(StoreStepDefinitions.java:56)&amp#27;[0m
      &amp#27;[31morg.opentest4j.AssertionFailedError: the user is not in homepage ==> expected: <Blouses - My Store> but was: <My Store>
	at org.junit.jupiter.api.AssertionUtils.fail(AssertionUtils.java:55)
	at org.junit.jupiter.api.AssertionUtils.failNotEqual(AssertionUtils.java:62)
	at org.junit.jupiter.api.AssertEquals.assertEquals(AssertEquals.java:182)
	at org.junit.jupiter.api.Assertions.assertEquals(Assertions.java:1135)
	at com.store.stepDefinitions.StoreStepDefinitions.lambda$new$6(StoreStepDefinitions.java:57)
	at ?.the user is returned to the homepage(file:///C:/Users/Ahernandez/Documents/projectsAli/ui-framework-test/src/test/resources/features/add_to_cart_items.feature:12)
&amp#27;[0m
]]></system-out>
    <system-err><![CDATA[may 25, 2020 1:09:35 PM io.cucumber.junit.Cucumber <init>
ADVERTENCIA: By default Cucumber is running in --non-strict mode.
This default will change to --strict and --non-strict will be removed.
You can use --strict or @CucumberOptions(strict = true) to suppress this warning
may 25, 2020 1:09:37 PM io.cucumber.junit.Cucumber <init>
ADVERTENCIA: By default Cucumber is running in --non-strict mode.
This default will change to --strict and --non-strict will be removed.
You can use --strict or @CucumberOptions(strict = true) to suppress this warning
Starting ChromeDriver 83.0.4103.39 (ccbf011cb2d2b19b506d844400483861342c20cd-refs/branch-heads/4103@{#416}) on port 1075
Only local connections are allowed.
Please see https://chromedriver.chromium.org/security-considerations for suggestions on keeping ChromeDriver safe.
ChromeDriver was started successfully.
]]></system-err>
  </testcase>
  <testcase name="user can add women evening dress" classname="User can add multiple items to cart" time="19.63">
    <failure message="the user is not in homepage ==&gt; expected: &lt;Evening Dresses - My Store&gt; but was: &lt;My Store&gt;" type="org.opentest4j.AssertionFailedError"><![CDATA[org.opentest4j.AssertionFailedError: the user is not in homepage ==> expected: <Evening Dresses - My Store> but was: <My Store>
	at org.junit.jupiter.api.AssertionUtils.fail(AssertionUtils.java:55)
	at org.junit.jupiter.api.AssertionUtils.failNotEqual(AssertionUtils.java:62)
	at org.junit.jupiter.api.AssertEquals.assertEquals(AssertEquals.java:182)
	at org.junit.jupiter.api.Assertions.assertEquals(Assertions.java:1135)
	at com.store.stepDefinitions.StoreStepDefinitions.lambda$new$6(StoreStepDefinitions.java:57)
	at ✽.the user is returned to the homepage(file:///C:/Users/Ahernandez/Documents/projectsAli/ui-framework-test/src/test/resources/features/add_to_cart_items.feature:22)
]]></failure>
    <system-out><![CDATA[2020-05-25 13:10:09.252  INFO 28340 --- [           main] o.s.t.c.support.AbstractContextLoader    : Could not detect default resource locations for test class [com.store.CucumberSpringContextConfiguration]: no resource found for suffixes {-context.xml, Context.groovy}.
2020-05-25 13:10:09.256  INFO 28340 --- [           main] o.s.t.c.s.DefaultTestContextBootstrapper : Loaded default TestExecutionListener class names from location [META-INF/spring.factories]: [org.springframework.boot.test.mock.mockito.MockitoTestExecutionListener, org.springframework.boot.test.mock.mockito.ResetMocksTestExecutionListener, org.springframework.boot.test.autoconfigure.restdocs.RestDocsTestExecutionListener, org.springframework.boot.test.autoconfigure.web.client.MockRestServiceServerResetTestExecutionListener, org.springframework.boot.test.autoconfigure.web.servlet.MockMvcPrintOnlyOnFailureTestExecutionListener, org.springframework.boot.test.autoconfigure.web.servlet.WebDriverTestExecutionListener, org.springframework.boot.test.autoconfigure.webservices.client.MockWebServiceServerTestExecutionListener, org.springframework.test.context.web.ServletTestExecutionListener, org.springframework.test.context.support.DirtiesContextBeforeModesTestExecutionListener, org.springframework.test.context.support.DependencyInjectionTestExecutionListener, org.springframework.test.context.support.DirtiesContextTestExecutionListener, org.springframework.test.context.transaction.TransactionalTestExecutionListener, org.springframework.test.context.jdbc.SqlScriptsTestExecutionListener, org.springframework.test.context.event.EventPublishingTestExecutionListener]
2020-05-25 13:10:09.261  INFO 28340 --- [           main] o.s.t.c.s.DefaultTestContextBootstrapper : Using TestExecutionListeners: [org.springframework.test.context.support.DirtiesContextBeforeModesTestExecutionListener@2f9a4401, org.springframework.boot.test.mock.mockito.MockitoTestExecutionListener@22c75c01, org.springframework.test.context.support.DependencyInjectionTestExecutionListener@46e64760, org.springframework.test.context.support.DirtiesContextTestExecutionListener@3e5fd2b1, org.springframework.test.context.event.EventPublishingTestExecutionListener@43982337, org.springframework.boot.test.mock.mockito.ResetMocksTestExecutionListener@5b275811, org.springframework.boot.test.autoconfigure.restdocs.RestDocsTestExecutionListener@2f0ed952, org.springframework.boot.test.autoconfigure.web.client.MockRestServiceServerResetTestExecutionListener@6f044c58, org.springframework.boot.test.autoconfigure.web.servlet.MockMvcPrintOnlyOnFailureTestExecutionListener@6d074b14, org.springframework.boot.test.autoconfigure.web.servlet.WebDriverTestExecutionListener@c017175, org.springframework.boot.test.autoconfigure.webservices.client.MockWebServiceServerTestExecutionListener@559cedee]
2020-05-25 13:10:09.698  INFO 28340 --- [           main] i.g.bonigarcia.wdm.WebDriverManager      : Using chromedriver 83.0.4103.39 (since Google Chrome 83 is installed in your machine)
2020-05-25 13:10:09.716  INFO 28340 --- [           main] i.g.bonigarcia.wdm.WebDriverManager      : Exporting webdriver.chrome.driver as C:\Users\Ahernandez\.m2\repository\webdriver\chromedriver\win32\83.0.4103.39\chromedriver.exe
2020-05-25 13:10:13.388  INFO 28340 --- [ null to remote] o.o.selenium.remote.ProtocolHandshake    : Detected dialect: W3C

Scenario: user can add women evening dress      &amp#27;[90m# src/test/resources/features/add_to_cart_items.feature:14&amp#27;[0m
Context started!
  &amp#27;[32mGiven &amp#27;[0m&amp#27;[32mthe user is on Homepage&amp#27;[0m                 &amp#27;[90m# com.store.stepDefinitions.StoreStepDefinitions.<init>(StoreStepDefinitions.java:38)&amp#27;[0m
  &amp#27;[32mAnd &amp#27;[0m&amp#27;[32mthe user clicks Women&amp#27;[0m                     &amp#27;[90m# com.store.stepDefinitions.StoreStepDefinitions.<init>(StoreStepDefinitions.java:41)&amp#27;[0m
  &amp#27;[32mAnd &amp#27;[0m&amp#27;[32muser clicks Dresses&amp#27;[0m                       &amp#27;[90m# com.store.stepDefinitions.StoreStepDefinitions.<init>(StoreStepDefinitions.java:60)&amp#27;[0m
  &amp#27;[32mAnd &amp#27;[0m&amp#27;[32mUser Clicks evening dresses&amp#27;[0m               &amp#27;[90m# com.store.stepDefinitions.StoreStepDefinitions.<init>(StoreStepDefinitions.java:63)&amp#27;[0m
  &amp#27;[32mAnd &amp#27;[0m&amp#27;[32muser clicks on (Quick View) printed dress&amp#27;[0m &amp#27;[90m# com.store.stepDefinitions.StoreStepDefinitions.<init>(StoreStepDefinitions.java:66)&amp#27;[0m
  &amp#27;[32mAnd &amp#27;[0m&amp#27;[32muser clicks on add to cart from Pop up&amp#27;[0m    &amp#27;[90m# com.store.stepDefinitions.StoreStepDefinitions.<init>(StoreStepDefinitions.java:69)&amp#27;[0m
  &amp#27;[32mWhen &amp#27;[0m&amp#27;[32mthe user clicks on continue shopping&amp#27;[0m     &amp#27;[90m# com.store.stepDefinitions.StoreStepDefinitions.<init>(StoreStepDefinitions.java:53)&amp#27;[0m
  &amp#27;[31mThen &amp#27;[0m&amp#27;[31mthe user is returned to the homepage&amp#27;[0m     &amp#27;[90m# com.store.stepDefinitions.StoreStepDefinitions.<init>(StoreStepDefinitions.java:56)&amp#27;[0m
      &amp#27;[31morg.opentest4j.AssertionFailedError: the user is not in homepage ==> expected: <Evening Dresses - My Store> but was: <My Store>
	at org.junit.jupiter.api.AssertionUtils.fail(AssertionUtils.java:55)
	at org.junit.jupiter.api.AssertionUtils.failNotEqual(AssertionUtils.java:62)
	at org.junit.jupiter.api.AssertEquals.assertEquals(AssertEquals.java:182)
	at org.junit.jupiter.api.Assertions.assertEquals(Assertions.java:1135)
	at com.store.stepDefinitions.StoreStepDefinitions.lambda$new$6(StoreStepDefinitions.java:57)
	at ?.the user is returned to the homepage(file:///C:/Users/Ahernandez/Documents/projectsAli/ui-framework-test/src/test/resources/features/add_to_cart_items.feature:22)
&amp#27;[0m
]]></system-out>
    <system-err><![CDATA[Starting ChromeDriver 83.0.4103.39 (ccbf011cb2d2b19b506d844400483861342c20cd-refs/branch-heads/4103@{#416}) on port 47526
Only local connections are allowed.
Please see https://chromedriver.chromium.org/security-considerations for suggestions on keeping ChromeDriver safe.
ChromeDriver was started successfully.
]]></system-err>
  </testcase>
  <testcase name="user verifies shopping cart has 2 items in cart" classname="User can add multiple items to cart" time="9.524">
    <failure message="the cart doesn&apos;t have 2 products ==&gt; expected: &lt;-1&gt; but was: &lt;2&gt;" type="org.opentest4j.AssertionFailedError"><![CDATA[org.opentest4j.AssertionFailedError: the cart doesn't have 2 products ==> expected: <-1> but was: <2>
	at org.junit.jupiter.api.AssertionUtils.fail(AssertionUtils.java:55)
	at org.junit.jupiter.api.AssertionUtils.failNotEqual(AssertionUtils.java:62)
	at org.junit.jupiter.api.AssertEquals.assertEquals(AssertEquals.java:150)
	at org.junit.jupiter.api.Assertions.assertEquals(Assertions.java:542)
	at com.store.stepDefinitions.StoreStepDefinitions.lambda$new$12(StoreStepDefinitions.java:76)
	at ✽.the cart has 2 products(file:///C:/Users/Ahernandez/Documents/projectsAli/ui-framework-test/src/test/resources/features/add_to_cart_items.feature:28)
]]></failure>
    <system-out><![CDATA[2020-05-25 13:10:29.724  INFO 28340 --- [           main] o.s.t.c.support.AbstractContextLoader    : Could not detect default resource locations for test class [com.store.CucumberSpringContextConfiguration]: no resource found for suffixes {-context.xml, Context.groovy}.
2020-05-25 13:10:29.727  INFO 28340 --- [           main] o.s.t.c.s.DefaultTestContextBootstrapper : Loaded default TestExecutionListener class names from location [META-INF/spring.factories]: [org.springframework.boot.test.mock.mockito.MockitoTestExecutionListener, org.springframework.boot.test.mock.mockito.ResetMocksTestExecutionListener, org.springframework.boot.test.autoconfigure.restdocs.RestDocsTestExecutionListener, org.springframework.boot.test.autoconfigure.web.client.MockRestServiceServerResetTestExecutionListener, org.springframework.boot.test.autoconfigure.web.servlet.MockMvcPrintOnlyOnFailureTestExecutionListener, org.springframework.boot.test.autoconfigure.web.servlet.WebDriverTestExecutionListener, org.springframework.boot.test.autoconfigure.webservices.client.MockWebServiceServerTestExecutionListener, org.springframework.test.context.web.ServletTestExecutionListener, org.springframework.test.context.support.DirtiesContextBeforeModesTestExecutionListener, org.springframework.test.context.support.DependencyInjectionTestExecutionListener, org.springframework.test.context.support.DirtiesContextTestExecutionListener, org.springframework.test.context.transaction.TransactionalTestExecutionListener, org.springframework.test.context.jdbc.SqlScriptsTestExecutionListener, org.springframework.test.context.event.EventPublishingTestExecutionListener]
2020-05-25 13:10:29.729  INFO 28340 --- [           main] o.s.t.c.s.DefaultTestContextBootstrapper : Using TestExecutionListeners: [org.springframework.test.context.support.DirtiesContextBeforeModesTestExecutionListener@58af5076, org.springframework.boot.test.mock.mockito.MockitoTestExecutionListener@49469ffa, org.springframework.test.context.support.DependencyInjectionTestExecutionListener@4d9754a8, org.springframework.test.context.support.DirtiesContextTestExecutionListener@7a3b7122, org.springframework.test.context.event.EventPublishingTestExecutionListener@58b5a2f3, org.springframework.boot.test.mock.mockito.ResetMocksTestExecutionListener@25f15f50, org.springframework.boot.test.autoconfigure.restdocs.RestDocsTestExecutionListener@52b46d52, org.springframework.boot.test.autoconfigure.web.client.MockRestServiceServerResetTestExecutionListener@7327a447, org.springframework.boot.test.autoconfigure.web.servlet.MockMvcPrintOnlyOnFailureTestExecutionListener@67022ea, org.springframework.boot.test.autoconfigure.web.servlet.WebDriverTestExecutionListener@2954f6ab, org.springframework.boot.test.autoconfigure.webservices.client.MockWebServiceServerTestExecutionListener@58fbd02e]
2020-05-25 13:10:30.077  INFO 28340 --- [           main] i.g.bonigarcia.wdm.WebDriverManager      : Using chromedriver 83.0.4103.39 (since Google Chrome 83 is installed in your machine)
2020-05-25 13:10:30.095  INFO 28340 --- [           main] i.g.bonigarcia.wdm.WebDriverManager      : Exporting webdriver.chrome.driver as C:\Users\Ahernandez\.m2\repository\webdriver\chromedriver\win32\83.0.4103.39\chromedriver.exe
2020-05-25 13:10:33.630  INFO 28340 --- [ null to remote] o.o.selenium.remote.ProtocolHandshake    : Detected dialect: W3C

Scenario: user verifies shopping cart has 2 items in cart &amp#27;[90m# src/test/resources/features/add_to_cart_items.feature:25&amp#27;[0m
Context started!
  &amp#27;[32mGiven &amp#27;[0m&amp#27;[32mthe user is on Homepage&amp#27;[0m                           &amp#27;[90m# com.store.stepDefinitions.StoreStepDefinitions.<init>(StoreStepDefinitions.java:38)&amp#27;[0m
  &amp#27;[32mAnd &amp#27;[0m&amp#27;[32mthe user clicks Cart&amp#27;[0m                                &amp#27;[90m# com.store.stepDefinitions.StoreStepDefinitions.<init>(StoreStepDefinitions.java:72)&amp#27;[0m
  &amp#27;[31mAnd &amp#27;[0m&amp#27;[31mthe cart has &amp#27;[0m&amp#27;[31m&amp#27;[1m2&amp#27;[0m&amp#27;[31m products&amp#27;[0m                             &amp#27;[90m# com.store.stepDefinitions.StoreStepDefinitions.<init>(StoreStepDefinitions.java:75)&amp#27;[0m
      &amp#27;[31morg.opentest4j.AssertionFailedError: the cart doesn't have 2 products ==> expected: <-1> but was: <2>
	at org.junit.jupiter.api.AssertionUtils.fail(AssertionUtils.java:55)
	at org.junit.jupiter.api.AssertionUtils.failNotEqual(AssertionUtils.java:62)
	at org.junit.jupiter.api.AssertEquals.assertEquals(AssertEquals.java:150)
	at org.junit.jupiter.api.Assertions.assertEquals(Assertions.java:542)
	at com.store.stepDefinitions.StoreStepDefinitions.lambda$new$12(StoreStepDefinitions.java:76)
	at ?.the cart has 2 products(file:///C:/Users/Ahernandez/Documents/projectsAli/ui-framework-test/src/test/resources/features/add_to_cart_items.feature:28)
&amp#27;[0m
  &amp#27;[36mWhen &amp#27;[0m&amp#27;[36mUser Clicks checkout&amp#27;[0m                               &amp#27;[90m# com.store.stepDefinitions.StoreStepDefinitions.<init>(StoreStepDefinitions.java:78)&amp#27;[0m
  &amp#27;[36mThen &amp#27;[0m&amp#27;[36muser is taken to the Authentication screen&amp#27;[0m         &amp#27;[90m# com.store.stepDefinitions.StoreStepDefinitions.<init>(StoreStepDefinitions.java:81)&amp#27;[0m
]]></system-out>
    <system-err><![CDATA[Starting ChromeDriver 83.0.4103.39 (ccbf011cb2d2b19b506d844400483861342c20cd-refs/branch-heads/4103@{#416}) on port 42371
Only local connections are allowed.
Please see https://chromedriver.chromium.org/security-considerations for suggestions on keeping ChromeDriver safe.
ChromeDriver was started successfully.
]]></system-err>
  </testcase>
</testsuite>